<?xml version="1.0" encoding="UTF-8"?>
<!-- Generated by org.testng.reporters.JUnitXMLReporter -->
<testsuite ignored="0" hostname="LAPTOP-2D27B82A" failures="0" tests="3" name="Login Tests" time="10.566" errors="0" timestamp="2026-04-30T16:57:51 IST">
  <testcase classname="tests.LoginTest" name="testAuthentication" time="1.682"/>
  <testcase classname="tests.LoginTest" name="testAuthentication" time="0.691"/>
  <testcase classname="tests.LoginTest" name="testUnauthorizedAccess" time="0.332"/>
</testsuite> <!-- Login Tests -->
