<?xml version="1.0" encoding="UTF-8"?>
<!-- Generated by org.testng.reporters.JUnitXMLReporter -->
<testsuite ignored="0" hostname="LAPTOP-2D27B82A" failures="0" tests="3" name="Login Tests" time="13.299" errors="0" timestamp="2026-04-30T15:03:38 IST">
  <testcase classname="tests.LoginTest" name="testAuthentication" time="2.932"/>
  <testcase classname="tests.LoginTest" name="testAuthentication" time="0.797"/>
  <testcase classname="tests.LoginTest" name="testUnauthorizedAccess" time="0.105"/>
</testsuite> <!-- Login Tests -->
