<?xml version="1.0" encoding="UTF-8"?>
<!-- Generated by org.testng.reporters.JUnitReportReporter -->
<testsuite hostname="LAPTOP-2D27B82A" failures="0" tests="3" name="tests.LoginTest" time="9.813" errors="0" timestamp="2026-04-30T16:57:52 IST" skipped="0">
  <testcase classname="tests.LoginTest" name="testUnauthorizedAccess" time="2.462"/>
  <testcase classname="tests.LoginTest" name="testAuthentication" time="3.687"/>
  <testcase classname="tests.LoginTest" name="testAuthentication" time="3.664"/>
</testsuite> <!-- tests.LoginTest -->
