<?xml version="1.0" encoding="UTF-8"?>
<testng-results ignored="0" total="3" passed="3" failed="0" skipped="0">
  <reporter-output>
  </reporter-output>
  <suite started-at="2026-04-30T15:05:14 IST" name="Default suite" finished-at="2026-04-30T15:05:23 IST" duration-ms="9572">
    <groups>
    </groups>
    <test started-at="2026-04-30T15:05:14 IST" name="Default test" finished-at="2026-04-30T15:05:23 IST" duration-ms="9572">
      <class name="tests.LoginTest">
        <test-method is-config="true" signature="setUp()[pri:0, instance:tests.LoginTest@139982de]" started-at="2026-04-30T15:05:14 IST" name="setUp" finished-at="2026-04-30T15:05:16 IST" duration-ms="1963" status="PASS">
          <reporter-output>
          </reporter-output>
        </test-method> <!-- setUp -->
        <test-method is-config="true" signature="init()[pri:0, instance:tests.LoginTest@139982de]" started-at="2026-04-30T15:05:16 IST" name="init" finished-at="2026-04-30T15:05:16 IST" duration-ms="7" status="PASS">
          <reporter-output>
          </reporter-output>
        </test-method> <!-- init -->
        <test-method signature="testAuthentication(java.lang.String,java.lang.String,java.lang.String)[pri:0, instance:tests.LoginTest@139982de]" started-at="2026-04-30T15:05:16 IST" name="testAuthentication" data-provider="loginData" finished-at="2026-04-30T15:05:18 IST" duration-ms="1936" status="PASS">
          <params>
            <param index="0">
              <value>
                <![CDATA[oneorder@sweetshop.local]]>
              </value>
            </param>
            <param index="1">
              <value>
                <![CDATA[qwerty]]>
              </value>
            </param>
            <param index="2">
              <value>
                <![CDATA[TRUE]]>
              </value>
            </param>
          </params>
          <reporter-output>
          </reporter-output>
        </test-method> <!-- testAuthentication -->
        <test-method is-config="true" signature="tearDown()[pri:0, instance:tests.LoginTest@139982de]" started-at="2026-04-30T15:05:18 IST" name="tearDown" finished-at="2026-04-30T15:05:18 IST" duration-ms="236" status="PASS">
          <reporter-output>
          </reporter-output>
        </test-method> <!-- tearDown -->
        <test-method is-config="true" signature="setUp()[pri:0, instance:tests.LoginTest@139982de]" started-at="2026-04-30T15:05:18 IST" name="setUp" finished-at="2026-04-30T15:05:20 IST" duration-ms="1768" status="PASS">
          <reporter-output>
          </reporter-output>
        </test-method> <!-- setUp -->
        <test-method signature="testAuthentication(java.lang.String,java.lang.String,java.lang.String)[pri:0, instance:tests.LoginTest@139982de]" started-at="2026-04-30T15:05:20 IST" name="testAuthentication" data-provider="loginData" finished-at="2026-04-30T15:05:21 IST" duration-ms="645" status="PASS">
          <params>
            <param index="0">
              <value>
                <![CDATA[wrong@sweetshop.local]]>
              </value>
            </param>
            <param index="1">
              <value>
                <![CDATA[wrong123]]>
              </value>
            </param>
            <param index="2">
              <value>
                <![CDATA[FALSE]]>
              </value>
            </param>
          </params>
          <reporter-output>
          </reporter-output>
        </test-method> <!-- testAuthentication -->
        <test-method is-config="true" signature="init()[pri:0, instance:tests.LoginTest@139982de]" started-at="2026-04-30T15:05:20 IST" name="init" finished-at="2026-04-30T15:05:20 IST" duration-ms="0" status="PASS">
          <reporter-output>
          </reporter-output>
        </test-method> <!-- init -->
        <test-method is-config="true" signature="tearDown()[pri:0, instance:tests.LoginTest@139982de]" started-at="2026-04-30T15:05:21 IST" name="tearDown" finished-at="2026-04-30T15:05:21 IST" duration-ms="260" status="PASS">
          <reporter-output>
          </reporter-output>
        </test-method> <!-- tearDown -->
        <test-method is-config="true" signature="setUp()[pri:0, instance:tests.LoginTest@139982de]" started-at="2026-04-30T15:05:21 IST" name="setUp" finished-at="2026-04-30T15:05:23 IST" duration-ms="1673" status="PASS">
          <reporter-output>
          </reporter-output>
        </test-method> <!-- setUp -->
        <test-method is-config="true" signature="init()[pri:0, instance:tests.LoginTest@139982de]" started-at="2026-04-30T15:05:23 IST" name="init" finished-at="2026-04-30T15:05:23 IST" duration-ms="1" status="PASS">
          <reporter-output>
          </reporter-output>
        </test-method> <!-- init -->
        <test-method signature="testUnauthorizedAccess()[pri:0, instance:tests.LoginTest@139982de]" started-at="2026-04-30T15:05:23 IST" name="testUnauthorizedAccess" finished-at="2026-04-30T15:05:23 IST" duration-ms="330" status="PASS">
          <reporter-output>
          </reporter-output>
        </test-method> <!-- testUnauthorizedAccess -->
        <test-method is-config="true" signature="tearDown()[pri:0, instance:tests.LoginTest@139982de]" started-at="2026-04-30T15:05:23 IST" name="tearDown" finished-at="2026-04-30T15:05:23 IST" duration-ms="182" status="PASS">
          <reporter-output>
          </reporter-output>
        </test-method> <!-- tearDown -->
      </class> <!-- tests.LoginTest -->
    </test> <!-- Default test -->
  </suite> <!-- Default suite -->
</testng-results>
