<?xml version="1.0" encoding="UTF-8"?>
<testng-results ignored="0" total="1" passed="1" failed="0" skipped="0">
  <reporter-output>
  </reporter-output>
  <suite started-at="2026-04-30T17:18:06 IST" name="Default suite" finished-at="2026-04-30T17:18:12 IST" duration-ms="5242">
    <groups>
    </groups>
    <test started-at="2026-04-30T17:18:06 IST" name="Default test" finished-at="2026-04-30T17:18:12 IST" duration-ms="5242">
      <class name="tests.AccountTest">
        <test-method is-config="true" signature="setUp()[pri:0, instance:tests.AccountTest@6025e1b6]" started-at="2026-04-30T17:18:07 IST" name="setUp" finished-at="2026-04-30T17:18:09 IST" duration-ms="2820" status="PASS">
          <reporter-output>
          </reporter-output>
        </test-method> <!-- setUp -->
        <test-method is-config="true" signature="setup()[pri:0, instance:tests.AccountTest@6025e1b6]" started-at="2026-04-30T17:18:09 IST" name="setup" finished-at="2026-04-30T17:18:09 IST" duration-ms="21" status="PASS">
          <reporter-output>
          </reporter-output>
        </test-method> <!-- setup -->
        <test-method signature="testAccountModule()[pri:0, instance:tests.AccountTest@6025e1b6]" started-at="2026-04-30T17:18:09 IST" name="testAccountModule" finished-at="2026-04-30T17:18:11 IST" duration-ms="1207" status="PASS">
          <reporter-output>
          </reporter-output>
        </test-method> <!-- testAccountModule -->
        <test-method is-config="true" signature="tearDown()[pri:0, instance:tests.AccountTest@6025e1b6]" started-at="2026-04-30T17:18:11 IST" name="tearDown" finished-at="2026-04-30T17:18:12 IST" duration-ms="1146" status="PASS">
          <reporter-output>
          </reporter-output>
        </test-method> <!-- tearDown -->
      </class> <!-- tests.AccountTest -->
    </test> <!-- Default test -->
  </suite> <!-- Default suite -->
</testng-results>
