<?xml version="1.0" encoding="UTF-8"?>
<!-- Generated by org.testng.reporters.JUnitXMLReporter -->
<testsuite ignored="0" hostname="LAPTOP-2D27B82A" failures="0" tests="3" name="Default test" time="9.572" errors="0" timestamp="2026-04-30T15:05:23 IST">
  <testcase classname="tests.LoginTest" name="testAuthentication" time="1.936"/>
  <testcase classname="tests.LoginTest" name="testAuthentication" time="0.645"/>
  <testcase classname="tests.LoginTest" name="testUnauthorizedAccess" time="0.33"/>
</testsuite> <!-- Default test -->
